Build started 4/8/2012 7:01:37 PM.
     1>Project "C:\Users\ShawnYeo\Documents\Visual Studio 2010\Projects\assign q5\assignment 1 q5\assignment 1 q5.vcxproj" on node 2 (build target(s)).
     1>InitializeBuildStatus:
         Creating "Debug\assignment 1 q5.unsuccessfulbuild" because "AlwaysCreate" was specified.
       ClCompile:
         c:\Program Files (x86)\Microsoft Visual Studio 10.0\VC\bin\CL.exe /c /ZI /nologo /W3 /WX- /Od /Oy- /D WIN32 /D _DEBUG /D _CONSOLE /D _UNICODE /D UNICODE /Gm /EHsc /RTC1 /MDd /GS /fp:precise /Zc:wchar_t /Zc:forScope /Fo"Debug\\" /Fd"Debug\vc100.pdb" /Gd /TP /analyze- /errorReport:prompt main.cpp
         main.cpp
     1>c:\users\shawnyeo\documents\visual studio 2010\projects\assign q5\assignment 1 q5\main.cpp(41): warning C4244: 'argument' : conversion from 'time_t' to 'unsigned int', possible loss of data
       ManifestResourceCompile:
         C:\Program Files (x86)\Microsoft SDKs\Windows\v7.0A\bin\rc.exe /nologo /fo"Debug\assignment 1 q5.exe.embed.manifest.res" "Debug\assignment 1 q5_manifest.rc" 
       Link:
         c:\Program Files (x86)\Microsoft Visual Studio 10.0\VC\bin\link.exe /ERRORREPORT:PROMPT /OUT:"C:\Users\ShawnYeo\Documents\Visual Studio 2010\Projects\assign q5\Debug\assignment 1 q5.exe" /INCREMENTAL /NOLOGO kernel32.lib user32.lib gdi32.lib winspool.lib comdlg32.lib advapi32.lib shell32.lib ole32.lib oleaut32.lib uuid.lib odbc32.lib odbccp32.lib /MANIFEST /ManifestFile:"Debug\assignment 1 q5.exe.intermediate.manifest" /MANIFESTUAC:"level='asInvoker' uiAccess='false'" /DEBUG /PDB:"C:\Users\ShawnYeo\Documents\Visual Studio 2010\Projects\assign q5\Debug\assignment 1 q5.pdb" /SUBSYSTEM:CONSOLE /TLBID:1 /DYNAMICBASE /NXCOMPAT /IMPLIB:"C:\Users\ShawnYeo\Documents\Visual Studio 2010\Projects\assign q5\Debug\assignment 1 q5.lib" /MACHINE:X86 "Debug\assignment 1 q5.exe.embed.manifest.res"
         Debug\main.obj
       Manifest:
         C:\Program Files (x86)\Microsoft SDKs\Windows\v7.0A\bin\mt.exe /nologo /verbose /out:"Debug\assignment 1 q5.exe.embed.manifest" /manifest "Debug\assignment 1 q5.exe.intermediate.manifest"
         All outputs are up-to-date.
       LinkEmbedManifest:
         All outputs are up-to-date.
         assignment 1 q5.vcxproj -> C:\Users\ShawnYeo\Documents\Visual Studio 2010\Projects\assign q5\Debug\assignment 1 q5.exe
       FinalizeBuildStatus:
         Deleting file "Debug\assignment 1 q5.unsuccessfulbuild".
         Touching "Debug\assignment 1 q5.lastbuildstate".
     1>Done Building Project "C:\Users\ShawnYeo\Documents\Visual Studio 2010\Projects\assign q5\assignment 1 q5\assignment 1 q5.vcxproj" (build target(s)).

Build succeeded.

Time Elapsed 00:00:01.09
