Build started 3/8/2012 2:20:02 AM.
     1>Project "c:\Users\ShawnYeo\documents\visual studio 2010\Projects\functions and arguments\functions and arguments\functions and arguments.vcxproj" on node 2 (build target(s)).
     1>PrepareForBuild:
         Creating directory "c:\users\shawnyeo\documents\visual studio 2010\Projects\functions and arguments\Debug\".
       InitializeBuildStatus:
         Creating "Debug\functions and arguments.unsuccessfulbuild" because "AlwaysCreate" was specified.
       ClCompile:
         c:\Program Files (x86)\Microsoft Visual Studio 10.0\VC\bin\CL.exe /c /ZI /nologo /W3 /WX- /Od /Oy- /D WIN32 /D _DEBUG /D _CONSOLE /D _UNICODE /D UNICODE /Gm /EHsc /RTC1 /MDd /GS /fp:precise /Zc:wchar_t /Zc:forScope /Fo"Debug\\" /Fd"Debug\vc100.pdb" /Gd /TP /analyze- /errorReport:prompt main.cpp
         main.cpp
       ManifestResourceCompile:
         C:\Program Files (x86)\Microsoft SDKs\Windows\v7.0A\bin\rc.exe /nologo /fo"Debug\functions and arguments.exe.embed.manifest.res" "Debug\functions and arguments_manifest.rc" 
       Link:
         c:\Program Files (x86)\Microsoft Visual Studio 10.0\VC\bin\link.exe /ERRORREPORT:PROMPT /OUT:"c:\users\shawnyeo\documents\visual studio 2010\Projects\functions and arguments\Debug\functions and arguments.exe" /INCREMENTAL /NOLOGO kernel32.lib user32.lib gdi32.lib winspool.lib comdlg32.lib advapi32.lib shell32.lib ole32.lib oleaut32.lib uuid.lib odbc32.lib odbccp32.lib /MANIFEST /ManifestFile:"Debug\functions and arguments.exe.intermediate.manifest" /MANIFESTUAC:"level='asInvoker' uiAccess='false'" /DEBUG /PDB:"c:\users\shawnyeo\documents\visual studio 2010\Projects\functions and arguments\Debug\functions and arguments.pdb" /SUBSYSTEM:CONSOLE /TLBID:1 /DYNAMICBASE /NXCOMPAT /IMPLIB:"c:\users\shawnyeo\documents\visual studio 2010\Projects\functions and arguments\Debug\functions and arguments.lib" /MACHINE:X86 "Debug\functions and arguments.exe.embed.manifest.res"
         Debug\main.obj
       Manifest:
         C:\Program Files (x86)\Microsoft SDKs\Windows\v7.0A\bin\mt.exe /nologo /verbose /out:"Debug\functions and arguments.exe.embed.manifest" /manifest "Debug\functions and arguments.exe.intermediate.manifest"
         C:\Program Files (x86)\Microsoft SDKs\Windows\v7.0A\bin\rc.exe /nologo /fo"Debug\functions and arguments.exe.embed.manifest.res" "Debug\functions and arguments_manifest.rc" 
       LinkEmbedManifest:
         c:\Program Files (x86)\Microsoft Visual Studio 10.0\VC\bin\link.exe /ERRORREPORT:PROMPT /OUT:"c:\users\shawnyeo\documents\visual studio 2010\Projects\functions and arguments\Debug\functions and arguments.exe" /INCREMENTAL /NOLOGO kernel32.lib user32.lib gdi32.lib winspool.lib comdlg32.lib advapi32.lib shell32.lib ole32.lib oleaut32.lib uuid.lib odbc32.lib odbccp32.lib /MANIFEST /ManifestFile:"Debug\functions and arguments.exe.intermediate.manifest" /MANIFESTUAC:"level='asInvoker' uiAccess='false'" /DEBUG /PDB:"c:\users\shawnyeo\documents\visual studio 2010\Projects\functions and arguments\Debug\functions and arguments.pdb" /SUBSYSTEM:CONSOLE /TLBID:1 /DYNAMICBASE /NXCOMPAT /IMPLIB:"c:\users\shawnyeo\documents\visual studio 2010\Projects\functions and arguments\Debug\functions and arguments.lib" /MACHINE:X86 "Debug\functions and arguments.exe.embed.manifest.res"
         Debug\main.obj
         functions and arguments.vcxproj -> c:\users\shawnyeo\documents\visual studio 2010\Projects\functions and arguments\Debug\functions and arguments.exe
       FinalizeBuildStatus:
         Deleting file "Debug\functions and arguments.unsuccessfulbuild".
         Touching "Debug\functions and arguments.lastbuildstate".
     1>Done Building Project "c:\Users\ShawnYeo\documents\visual studio 2010\Projects\functions and arguments\functions and arguments\functions and arguments.vcxproj" (build target(s)).

Build succeeded.

Time Elapsed 00:00:02.74
