Build started 6/26/2012 12:23:28 PM.
     1>Project "c:\Users\shawn yeo\documents\visual studio 2010\Projects\wk 10 lab 1\wk 10 lab 1\wk 10 lab 1.vcxproj" on node 2 (build target(s)).
     1>InitializeBuildStatus:
         Creating "Debug\wk 10 lab 1.unsuccessfulbuild" because "AlwaysCreate" was specified.
       ClCompile:
         C:\Program Files (x86)\Microsoft Visual Studio 10.0\VC\bin\CL.exe /c /ZI /nologo /W3 /WX- /Od /Oy- /D WIN32 /D _DEBUG /D _CONSOLE /D _UNICODE /D UNICODE /Gm /EHsc /RTC1 /MDd /GS /fp:precise /Zc:wchar_t /Zc:forScope /Fo"Debug\\" /Fd"Debug\vc100.pdb" /Gd /TP /analyze- /errorReport:prompt mainfile.cpp
         mainfile.cpp
     1>c:\users\shawn yeo\documents\visual studio 2010\projects\wk 10 lab 1\wk 10 lab 1\mainfile.cpp(11): warning C4244: 'argument' : conversion from 'time_t' to 'unsigned int', possible loss of data
       ManifestResourceCompile:
         All outputs are up-to-date.
       Link:
         C:\Program Files (x86)\Microsoft Visual Studio 10.0\VC\bin\link.exe /ERRORREPORT:PROMPT /OUT:"c:\users\shawn yeo\documents\visual studio 2010\Projects\wk 10 lab 1\Debug\wk 10 lab 1.exe" /INCREMENTAL /NOLOGO kernel32.lib user32.lib gdi32.lib winspool.lib comdlg32.lib advapi32.lib shell32.lib ole32.lib oleaut32.lib uuid.lib odbc32.lib odbccp32.lib /MANIFEST /ManifestFile:"Debug\wk 10 lab 1.exe.intermediate.manifest" /MANIFESTUAC:"level='asInvoker' uiAccess='false'" /DEBUG /PDB:"c:\users\shawn yeo\documents\visual studio 2010\Projects\wk 10 lab 1\Debug\wk 10 lab 1.pdb" /SUBSYSTEM:CONSOLE /TLBID:1 /DYNAMICBASE /NXCOMPAT /IMPLIB:"c:\users\shawn yeo\documents\visual studio 2010\Projects\wk 10 lab 1\Debug\wk 10 lab 1.lib" /MACHINE:X86 "Debug\wk 10 lab 1.exe.embed.manifest.res"
         Debug\mainfile.obj
       Manifest:
         C:\Program Files (x86)\Microsoft SDKs\Windows\v7.0A\bin\mt.exe /nologo /verbose /out:"Debug\wk 10 lab 1.exe.embed.manifest" /manifest "Debug\wk 10 lab 1.exe.intermediate.manifest"
         All outputs are up-to-date.
       LinkEmbedManifest:
         All outputs are up-to-date.
         wk 10 lab 1.vcxproj -> c:\users\shawn yeo\documents\visual studio 2010\Projects\wk 10 lab 1\Debug\wk 10 lab 1.exe
       FinalizeBuildStatus:
         Deleting file "Debug\wk 10 lab 1.unsuccessfulbuild".
         Touching "Debug\wk 10 lab 1.lastbuildstate".
     1>Done Building Project "c:\Users\shawn yeo\documents\visual studio 2010\Projects\wk 10 lab 1\wk 10 lab 1\wk 10 lab 1.vcxproj" (build target(s)).

Build succeeded.

Time Elapsed 00:00:02.37
