Build started 3/8/2012 8:11:46 PM.
     1>Project "c:\Users\ShawnYeo\documents\visual studio 2010\Projects\assign q3\assign q3\assign q3.vcxproj" on node 2 (build target(s)).
     1>InitializeBuildStatus:
         Creating "Debug\assign q3.unsuccessfulbuild" because "AlwaysCreate" was specified.
       ClCompile:
         c:\Program Files (x86)\Microsoft Visual Studio 10.0\VC\bin\CL.exe /c /ZI /nologo /W3 /WX- /Od /Oy- /D WIN32 /D _DEBUG /D _CONSOLE /D _UNICODE /D UNICODE /Gm /EHsc /RTC1 /MDd /GS /fp:precise /Zc:wchar_t /Zc:forScope /Fo"Debug\\" /Fd"Debug\vc100.pdb" /Gd /TP /analyze- /errorReport:prompt main.cpp
         main.cpp
     1>c:\users\shawnyeo\documents\visual studio 2010\projects\assign q3\assign q3\main.cpp(9): warning C4244: 'argument' : conversion from 'time_t' to 'unsigned int', possible loss of data
       ManifestResourceCompile:
         All outputs are up-to-date.
       Link:
         c:\Program Files (x86)\Microsoft Visual Studio 10.0\VC\bin\link.exe /ERRORREPORT:PROMPT /OUT:"c:\users\shawnyeo\documents\visual studio 2010\Projects\assign q3\Debug\assign q3.exe" /INCREMENTAL /NOLOGO kernel32.lib user32.lib gdi32.lib winspool.lib comdlg32.lib advapi32.lib shell32.lib ole32.lib oleaut32.lib uuid.lib odbc32.lib odbccp32.lib /MANIFEST /ManifestFile:"Debug\assign q3.exe.intermediate.manifest" /MANIFESTUAC:"level='asInvoker' uiAccess='false'" /DEBUG /PDB:"c:\users\shawnyeo\documents\visual studio 2010\Projects\assign q3\Debug\assign q3.pdb" /SUBSYSTEM:CONSOLE /TLBID:1 /DYNAMICBASE /NXCOMPAT /IMPLIB:"c:\users\shawnyeo\documents\visual studio 2010\Projects\assign q3\Debug\assign q3.lib" /MACHINE:X86 "Debug\assign q3.exe.embed.manifest.res"
         Debug\main.obj
       Manifest:
         C:\Program Files (x86)\Microsoft SDKs\Windows\v7.0A\bin\mt.exe /nologo /verbose /out:"Debug\assign q3.exe.embed.manifest" /manifest "Debug\assign q3.exe.intermediate.manifest"
         All outputs are up-to-date.
       LinkEmbedManifest:
         All outputs are up-to-date.
         assign q3.vcxproj -> c:\users\shawnyeo\documents\visual studio 2010\Projects\assign q3\Debug\assign q3.exe
       FinalizeBuildStatus:
         Deleting file "Debug\assign q3.unsuccessfulbuild".
         Touching "Debug\assign q3.lastbuildstate".
     1>Done Building Project "c:\Users\ShawnYeo\documents\visual studio 2010\Projects\assign q3\assign q3\assign q3.vcxproj" (build target(s)).

Build succeeded.

Time Elapsed 00:00:00.67
