Build started 13/7/2012 5:41:37 PM.
     1>Project "c:\Users\ShawnYeo\documents\visual studio 2010\Projects\wk12 lab 2 nested for loop\wk12 lab 2 nested for loop\wk12 lab 2 nested for loop.vcxproj" on node 2 (build target(s)).
     1>InitializeBuildStatus:
         Touching "Debug\wk12 lab 2 nested for loop.unsuccessfulbuild".
       ClCompile:
         c:\Program Files (x86)\Microsoft Visual Studio 10.0\VC\bin\CL.exe /c /ZI /nologo /W3 /WX- /Od /Oy- /D WIN32 /D _DEBUG /D _CONSOLE /D _UNICODE /D UNICODE /Gm /EHsc /RTC1 /MDd /GS /fp:precise /Zc:wchar_t /Zc:forScope /Fo"Debug\\" /Fd"Debug\vc100.pdb" /Gd /TP /analyze- /errorReport:prompt main.cpp
         main.cpp
       ManifestResourceCompile:
         C:\Program Files (x86)\Microsoft SDKs\Windows\v7.0A\bin\rc.exe /nologo /fo"Debug\wk12 lab 2 nested for loop.exe.embed.manifest.res" "Debug\wk12 lab 2 nested for loop_manifest.rc" 
       Link:
         c:\Program Files (x86)\Microsoft Visual Studio 10.0\VC\bin\link.exe /ERRORREPORT:PROMPT /OUT:"c:\users\shawnyeo\documents\visual studio 2010\Projects\wk12 lab 2 nested for loop\Debug\wk12 lab 2 nested for loop.exe" /INCREMENTAL /NOLOGO kernel32.lib user32.lib gdi32.lib winspool.lib comdlg32.lib advapi32.lib shell32.lib ole32.lib oleaut32.lib uuid.lib odbc32.lib odbccp32.lib /MANIFEST /ManifestFile:"Debug\wk12 lab 2 nested for loop.exe.intermediate.manifest" /MANIFESTUAC:"level='asInvoker' uiAccess='false'" /DEBUG /PDB:"c:\users\shawnyeo\documents\visual studio 2010\Projects\wk12 lab 2 nested for loop\Debug\wk12 lab 2 nested for loop.pdb" /SUBSYSTEM:CONSOLE /TLBID:1 /DYNAMICBASE /NXCOMPAT /IMPLIB:"c:\users\shawnyeo\documents\visual studio 2010\Projects\wk12 lab 2 nested for loop\Debug\wk12 lab 2 nested for loop.lib" /MACHINE:X86 "Debug\wk12 lab 2 nested for loop.exe.embed.manifest.res"
         Debug\main.obj
       Manifest:
         C:\Program Files (x86)\Microsoft SDKs\Windows\v7.0A\bin\mt.exe /nologo /verbose /out:"Debug\wk12 lab 2 nested for loop.exe.embed.manifest" /manifest "Debug\wk12 lab 2 nested for loop.exe.intermediate.manifest"
         C:\Program Files (x86)\Microsoft SDKs\Windows\v7.0A\bin\rc.exe /nologo /fo"Debug\wk12 lab 2 nested for loop.exe.embed.manifest.res" "Debug\wk12 lab 2 nested for loop_manifest.rc" 
       LinkEmbedManifest:
         c:\Program Files (x86)\Microsoft Visual Studio 10.0\VC\bin\link.exe /ERRORREPORT:PROMPT /OUT:"c:\users\shawnyeo\documents\visual studio 2010\Projects\wk12 lab 2 nested for loop\Debug\wk12 lab 2 nested for loop.exe" /INCREMENTAL /NOLOGO kernel32.lib user32.lib gdi32.lib winspool.lib comdlg32.lib advapi32.lib shell32.lib ole32.lib oleaut32.lib uuid.lib odbc32.lib odbccp32.lib /MANIFEST /ManifestFile:"Debug\wk12 lab 2 nested for loop.exe.intermediate.manifest" /MANIFESTUAC:"level='asInvoker' uiAccess='false'" /DEBUG /PDB:"c:\users\shawnyeo\documents\visual studio 2010\Projects\wk12 lab 2 nested for loop\Debug\wk12 lab 2 nested for loop.pdb" /SUBSYSTEM:CONSOLE /TLBID:1 /DYNAMICBASE /NXCOMPAT /IMPLIB:"c:\users\shawnyeo\documents\visual studio 2010\Projects\wk12 lab 2 nested for loop\Debug\wk12 lab 2 nested for loop.lib" /MACHINE:X86 "Debug\wk12 lab 2 nested for loop.exe.embed.manifest.res"
         Debug\main.obj
         wk12 lab 2 nested for loop.vcxproj -> c:\users\shawnyeo\documents\visual studio 2010\Projects\wk12 lab 2 nested for loop\Debug\wk12 lab 2 nested for loop.exe
       FinalizeBuildStatus:
         Deleting file "Debug\wk12 lab 2 nested for loop.unsuccessfulbuild".
         Touching "Debug\wk12 lab 2 nested for loop.lastbuildstate".
     1>Done Building Project "c:\Users\ShawnYeo\documents\visual studio 2010\Projects\wk12 lab 2 nested for loop\wk12 lab 2 nested for loop\wk12 lab 2 nested for loop.vcxproj" (build target(s)).

Build succeeded.

Time Elapsed 00:00:02.01
