Build started 3/8/2012 7:58:11 PM.
     1>Project "c:\Users\ShawnYeo\documents\visual studio 2010\Projects\assign q2\assign q2\assign q2.vcxproj" on node 2 (build target(s)).
     1>InitializeBuildStatus:
         Touching "Debug\assign q2.unsuccessfulbuild".
       ClCompile:
         c:\Program Files (x86)\Microsoft Visual Studio 10.0\VC\bin\CL.exe /c /ZI /nologo /W3 /WX- /Od /Oy- /D WIN32 /D _DEBUG /D _CONSOLE /D _UNICODE /D UNICODE /Gm /EHsc /RTC1 /MDd /GS /fp:precise /Zc:wchar_t /Zc:forScope /Fo"Debug\\" /Fd"Debug\vc100.pdb" /Gd /TP /analyze- /errorReport:prompt main.cpp
         main.cpp
     1>c:\users\shawnyeo\documents\visual studio 2010\projects\assign q2\assign q2\main.cpp(10): warning C4244: 'argument' : conversion from 'time_t' to 'unsigned int', possible loss of data
       ManifestResourceCompile:
         C:\Program Files (x86)\Microsoft SDKs\Windows\v7.0A\bin\rc.exe /nologo /fo"Debug\assign q2.exe.embed.manifest.res" "Debug\assign q2_manifest.rc" 
       Link:
         c:\Program Files (x86)\Microsoft Visual Studio 10.0\VC\bin\link.exe /ERRORREPORT:PROMPT /OUT:"c:\users\shawnyeo\documents\visual studio 2010\Projects\assign q2\Debug\assign q2.exe" /INCREMENTAL /NOLOGO kernel32.lib user32.lib gdi32.lib winspool.lib comdlg32.lib advapi32.lib shell32.lib ole32.lib oleaut32.lib uuid.lib odbc32.lib odbccp32.lib /MANIFEST /ManifestFile:"Debug\assign q2.exe.intermediate.manifest" /MANIFESTUAC:"level='asInvoker' uiAccess='false'" /DEBUG /PDB:"c:\users\shawnyeo\documents\visual studio 2010\Projects\assign q2\Debug\assign q2.pdb" /SUBSYSTEM:CONSOLE /TLBID:1 /DYNAMICBASE /NXCOMPAT /IMPLIB:"c:\users\shawnyeo\documents\visual studio 2010\Projects\assign q2\Debug\assign q2.lib" /MACHINE:X86 "Debug\assign q2.exe.embed.manifest.res"
         Debug\main.obj
       Manifest:
         C:\Program Files (x86)\Microsoft SDKs\Windows\v7.0A\bin\mt.exe /nologo /verbose /out:"Debug\assign q2.exe.embed.manifest" /manifest "Debug\assign q2.exe.intermediate.manifest"
         C:\Program Files (x86)\Microsoft SDKs\Windows\v7.0A\bin\rc.exe /nologo /fo"Debug\assign q2.exe.embed.manifest.res" "Debug\assign q2_manifest.rc" 
       LinkEmbedManifest:
         c:\Program Files (x86)\Microsoft Visual Studio 10.0\VC\bin\link.exe /ERRORREPORT:PROMPT /OUT:"c:\users\shawnyeo\documents\visual studio 2010\Projects\assign q2\Debug\assign q2.exe" /INCREMENTAL /NOLOGO kernel32.lib user32.lib gdi32.lib winspool.lib comdlg32.lib advapi32.lib shell32.lib ole32.lib oleaut32.lib uuid.lib odbc32.lib odbccp32.lib /MANIFEST /ManifestFile:"Debug\assign q2.exe.intermediate.manifest" /MANIFESTUAC:"level='asInvoker' uiAccess='false'" /DEBUG /PDB:"c:\users\shawnyeo\documents\visual studio 2010\Projects\assign q2\Debug\assign q2.pdb" /SUBSYSTEM:CONSOLE /TLBID:1 /DYNAMICBASE /NXCOMPAT /IMPLIB:"c:\users\shawnyeo\documents\visual studio 2010\Projects\assign q2\Debug\assign q2.lib" /MACHINE:X86 "Debug\assign q2.exe.embed.manifest.res"
         Debug\main.obj
         assign q2.vcxproj -> c:\users\shawnyeo\documents\visual studio 2010\Projects\assign q2\Debug\assign q2.exe
       FinalizeBuildStatus:
         Deleting file "Debug\assign q2.unsuccessfulbuild".
         Touching "Debug\assign q2.lastbuildstate".
     1>Done Building Project "c:\Users\ShawnYeo\documents\visual studio 2010\Projects\assign q2\assign q2\assign q2.vcxproj" (build target(s)).

Build succeeded.

Time Elapsed 00:00:01.08
